<?xml version="1.0" encoding="UTF-8"?>
<!-- Generated by org.testng.reporters.JUnitXMLReporter -->
<testsuite ignored="0" hostname="DESKTOP-S7VEEUD" failures="0" tests="7" name="Default test" time="2.566" errors="0" timestamp="2023-10-18T16:31:22 EDT">
  <testcase classname="test_pack.Ep1Validator" name="validateEp" time="1.818"/>
  <testcase classname="test_pack.Ep1Validator" name="validateEp" time="0.158"/>
  <testcase classname="test_pack.Ep1Validator" name="validateEp" time="0.108"/>
  <testcase classname="test_pack.Ep1Validator" name="validateEp" time="0.123"/>
  <testcase classname="test_pack.Ep1Validator" name="validateEp" time="0.125"/>
  <testcase classname="test_pack.Ep1Validator" name="validateEp" time="0.097"/>
  <testcase classname="test_pack.Ep1Validator" name="validateEp" time="0.098"/>
</testsuite> <!-- Default test -->
