<?xml version="1.0" encoding="UTF-8"?>
<!-- Generated by org.testng.reporters.JUnitXMLReporter -->
<testsuite ignored="0" hostname="DESKTOP-S7VEEUD" failures="0" tests="5" name="Default test" time="2.212" errors="0" timestamp="2023-10-18T15:38:22 EDT">
  <testcase classname="test_pack.Ep2Validator" name="validateEp" time="1.705"/>
  <testcase classname="test_pack.Ep2Validator" name="validateEp" time="0.141"/>
  <testcase classname="test_pack.Ep2Validator" name="validateEp" time="0.102"/>
  <testcase classname="test_pack.Ep2Validator" name="validateEp" time="0.104"/>
  <testcase classname="test_pack.Ep2Validator" name="validateEp" time="0.121"/>
</testsuite> <!-- Default test -->
