<?xml version="1.0" encoding="UTF-8"?>
<testng-results ignored="0" total="5" passed="5" failed="0" skipped="0">
  <reporter-output>
  </reporter-output>
  <suite started-at="2023-10-18T15:38:20 EDT" name="Default suite" finished-at="2023-10-18T15:38:22 EDT" duration-ms="2212">
    <groups>
    </groups>
    <test started-at="2023-10-18T15:38:20 EDT" name="Default test" finished-at="2023-10-18T15:38:22 EDT" duration-ms="2212">
      <class name="test_pack.Ep2Validator">
        <test-method signature="validateEp(java.lang.String,java.lang.String,java.lang.String)[pri:0, instance:test_pack.Ep2Validator@6f204a1a]" started-at="2023-10-18T15:38:20 EDT" name="validateEp" data-provider="DP" finished-at="2023-10-18T15:38:22 EDT" duration-ms="1705" status="PASS">
          <params>
            <param index="0">
              <value>
                <![CDATA[positive]]>
              </value>
            </param>
            <param index="1">
              <value>
                <![CDATA[/posts/3]]>
              </value>
            </param>
            <param index="2">
              <value>
                <![CDATA[3]]>
              </value>
            </param>
          </params>
          <reporter-output>
          </reporter-output>
        </test-method> <!-- validateEp -->
        <test-method signature="validateEp(java.lang.String,java.lang.String,java.lang.String)[pri:0, instance:test_pack.Ep2Validator@6f204a1a]" started-at="2023-10-18T15:38:22 EDT" name="validateEp" data-provider="DP" finished-at="2023-10-18T15:38:22 EDT" duration-ms="141" status="PASS">
          <params>
            <param index="0">
              <value>
                <![CDATA[negative]]>
              </value>
            </param>
            <param index="1">
              <value>
                <![CDATA[/posts?3]]>
              </value>
            </param>
            <param index="2">
              <value>
                <![CDATA[]]>
              </value>
            </param>
          </params>
          <reporter-output>
          </reporter-output>
        </test-method> <!-- validateEp -->
        <test-method signature="validateEp(java.lang.String,java.lang.String,java.lang.String)[pri:0, instance:test_pack.Ep2Validator@6f204a1a]" started-at="2023-10-18T15:38:22 EDT" name="validateEp" data-provider="DP" finished-at="2023-10-18T15:38:22 EDT" duration-ms="102" status="PASS">
          <params>
            <param index="0">
              <value>
                <![CDATA[negative]]>
              </value>
            </param>
            <param index="1">
              <value>
                <![CDATA[/posts/-1]]>
              </value>
            </param>
            <param index="2">
              <value>
                <![CDATA[]]>
              </value>
            </param>
          </params>
          <reporter-output>
          </reporter-output>
        </test-method> <!-- validateEp -->
        <test-method signature="validateEp(java.lang.String,java.lang.String,java.lang.String)[pri:0, instance:test_pack.Ep2Validator@6f204a1a]" started-at="2023-10-18T15:38:22 EDT" name="validateEp" data-provider="DP" finished-at="2023-10-18T15:38:22 EDT" duration-ms="104" status="PASS">
          <params>
            <param index="0">
              <value>
                <![CDATA[negative]]>
              </value>
            </param>
            <param index="1">
              <value>
                <![CDATA[/posts/1000000000000]]>
              </value>
            </param>
            <param index="2">
              <value>
                <![CDATA[]]>
              </value>
            </param>
          </params>
          <reporter-output>
          </reporter-output>
        </test-method> <!-- validateEp -->
        <test-method signature="validateEp(java.lang.String,java.lang.String,java.lang.String)[pri:0, instance:test_pack.Ep2Validator@6f204a1a]" started-at="2023-10-18T15:38:22 EDT" name="validateEp" data-provider="DP" finished-at="2023-10-18T15:38:22 EDT" duration-ms="121" status="PASS">
          <params>
            <param index="0">
              <value>
                <![CDATA[negative]]>
              </value>
            </param>
            <param index="1">
              <value>
                <![CDATA[/posts/1a]]>
              </value>
            </param>
            <param index="2">
              <value>
                <![CDATA[]]>
              </value>
            </param>
          </params>
          <reporter-output>
          </reporter-output>
        </test-method> <!-- validateEp -->
      </class> <!-- test_pack.Ep2Validator -->
    </test> <!-- Default test -->
  </suite> <!-- Default suite -->
</testng-results>
