<?xml version="1.0" encoding="UTF-8"?>
<testng-results ignored="0" total="7" passed="7" failed="0" skipped="0">
  <reporter-output>
  </reporter-output>
  <suite started-at="2023-10-18T16:31:19 EDT" name="Default suite" finished-at="2023-10-18T16:31:21 EDT" duration-ms="2566">
    <groups>
    </groups>
    <test started-at="2023-10-18T16:31:19 EDT" name="Default test" finished-at="2023-10-18T16:31:21 EDT" duration-ms="2566">
      <class name="test_pack.Ep1Validator">
        <test-method signature="validateEp(java.lang.String,java.lang.String,java.lang.String)[pri:0, instance:test_pack.Ep1Validator@4722ef0c]" started-at="2023-10-18T16:31:19 EDT" name="validateEp" data-provider="DP" finished-at="2023-10-18T16:31:21 EDT" duration-ms="1818" status="PASS">
          <params>
            <param index="0">
              <value>
                <![CDATA[positive]]>
              </value>
            </param>
            <param index="1">
              <value>
                <![CDATA[/posts]]>
              </value>
            </param>
            <param index="2">
              <value>
                <![CDATA[]]>
              </value>
            </param>
          </params>
          <reporter-output>
          </reporter-output>
        </test-method> <!-- validateEp -->
        <test-method signature="validateEp(java.lang.String,java.lang.String,java.lang.String)[pri:0, instance:test_pack.Ep1Validator@4722ef0c]" started-at="2023-10-18T16:31:21 EDT" name="validateEp" data-provider="DP" finished-at="2023-10-18T16:31:21 EDT" duration-ms="158" status="PASS">
          <params>
            <param index="0">
              <value>
                <![CDATA[negative]]>
              </value>
            </param>
            <param index="1">
              <value>
                <![CDATA[?posts]]>
              </value>
            </param>
            <param index="2">
              <value>
                <![CDATA[]]>
              </value>
            </param>
          </params>
          <reporter-output>
          </reporter-output>
        </test-method> <!-- validateEp -->
        <test-method signature="validateEp(java.lang.String,java.lang.String,java.lang.String)[pri:0, instance:test_pack.Ep1Validator@4722ef0c]" started-at="2023-10-18T16:31:21 EDT" name="validateEp" data-provider="DP" finished-at="2023-10-18T16:31:21 EDT" duration-ms="108" status="PASS">
          <params>
            <param index="0">
              <value>
                <![CDATA[negative]]>
              </value>
            </param>
            <param index="1">
              <value>
                <![CDATA[?posts/]]>
              </value>
            </param>
            <param index="2">
              <value>
                <![CDATA[]]>
              </value>
            </param>
          </params>
          <reporter-output>
          </reporter-output>
        </test-method> <!-- validateEp -->
        <test-method signature="validateEp(java.lang.String,java.lang.String,java.lang.String)[pri:0, instance:test_pack.Ep1Validator@4722ef0c]" started-at="2023-10-18T16:31:21 EDT" name="validateEp" data-provider="DP" finished-at="2023-10-18T16:31:21 EDT" duration-ms="123" status="PASS">
          <params>
            <param index="0">
              <value>
                <![CDATA[negative]]>
              </value>
            </param>
            <param index="1">
              <value>
                <![CDATA[//posts]]>
              </value>
            </param>
            <param index="2">
              <value>
                <![CDATA[]]>
              </value>
            </param>
          </params>
          <reporter-output>
          </reporter-output>
        </test-method> <!-- validateEp -->
        <test-method signature="validateEp(java.lang.String,java.lang.String,java.lang.String)[pri:0, instance:test_pack.Ep1Validator@4722ef0c]" started-at="2023-10-18T16:31:21 EDT" name="validateEp" data-provider="DP" finished-at="2023-10-18T16:31:21 EDT" duration-ms="125" status="PASS">
          <params>
            <param index="0">
              <value>
                <![CDATA[positive]]>
              </value>
            </param>
            <param index="1">
              <value>
                <![CDATA[/posts/]]>
              </value>
            </param>
            <param index="2">
              <value>
                <![CDATA[]]>
              </value>
            </param>
          </params>
          <reporter-output>
          </reporter-output>
        </test-method> <!-- validateEp -->
        <test-method signature="validateEp(java.lang.String,java.lang.String,java.lang.String)[pri:0, instance:test_pack.Ep1Validator@4722ef0c]" started-at="2023-10-18T16:31:21 EDT" name="validateEp" data-provider="DP" finished-at="2023-10-18T16:31:21 EDT" duration-ms="97" status="PASS">
          <params>
            <param index="0">
              <value>
                <![CDATA[negative]]>
              </value>
            </param>
            <param index="1">
              <value>
                <![CDATA[/post]]>
              </value>
            </param>
            <param index="2">
              <value>
                <![CDATA[]]>
              </value>
            </param>
          </params>
          <reporter-output>
          </reporter-output>
        </test-method> <!-- validateEp -->
        <test-method signature="validateEp(java.lang.String,java.lang.String,java.lang.String)[pri:0, instance:test_pack.Ep1Validator@4722ef0c]" started-at="2023-10-18T16:31:21 EDT" name="validateEp" data-provider="DP" finished-at="2023-10-18T16:31:21 EDT" duration-ms="98" status="PASS">
          <params>
            <param index="0">
              <value>
                <![CDATA[negative]]>
              </value>
            </param>
            <param index="1">
              <value>
                <![CDATA[?post]]>
              </value>
            </param>
            <param index="2">
              <value>
                <![CDATA[]]>
              </value>
            </param>
          </params>
          <reporter-output>
          </reporter-output>
        </test-method> <!-- validateEp -->
      </class> <!-- test_pack.Ep1Validator -->
    </test> <!-- Default test -->
  </suite> <!-- Default suite -->
</testng-results>
